mode: atomic
github.com/bpross/mealz/dao/postgres/recipes.go:31.58,36.2 1 24
github.com/bpross/mealz/dao/postgres/recipes.go:46.102,63.16 7 6
github.com/bpross/mealz/dao/postgres/recipes.go:73.2,75.20 2 2
github.com/bpross/mealz/dao/postgres/recipes.go:63.16,65.27 2 4
github.com/bpross/mealz/dao/postgres/recipes.go:70.3,70.33 1 4
github.com/bpross/mealz/dao/postgres/recipes.go:65.27,67.4 1 2
github.com/bpross/mealz/dao/postgres/recipes.go:67.9,69.4 1 2
github.com/bpross/mealz/dao/postgres/recipes.go:79.99,96.16 7 6
github.com/bpross/mealz/dao/postgres/recipes.go:106.2,108.20 2 2
github.com/bpross/mealz/dao/postgres/recipes.go:96.16,98.27 2 4
github.com/bpross/mealz/dao/postgres/recipes.go:103.3,103.33 1 4
github.com/bpross/mealz/dao/postgres/recipes.go:98.27,100.4 1 2
github.com/bpross/mealz/dao/postgres/recipes.go:100.9,102.4 1 2
github.com/bpross/mealz/dao/postgres/recipes.go:112.96,113.28 1 6
github.com/bpross/mealz/dao/postgres/recipes.go:118.2,125.16 7 4
github.com/bpross/mealz/dao/postgres/recipes.go:130.2,130.20 1 2
github.com/bpross/mealz/dao/postgres/recipes.go:113.28,115.3 1 2
github.com/bpross/mealz/dao/postgres/recipes.go:125.16,129.3 2 2
github.com/bpross/mealz/dao/postgres/recipes.go:134.96,140.16 5 6
github.com/bpross/mealz/dao/postgres/recipes.go:150.2,150.20 1 2
github.com/bpross/mealz/dao/postgres/recipes.go:140.16,142.27 2 4
github.com/bpross/mealz/dao/postgres/recipes.go:147.3,147.33 1 4
github.com/bpross/mealz/dao/postgres/recipes.go:142.27,144.4 1 2
github.com/bpross/mealz/dao/postgres/recipes.go:144.9,146.4 1 2
github.com/bpross/mealz/dao/postgres/recipes.go:153.58,154.11 1 4
github.com/bpross/mealz/dao/postgres/recipes.go:155.16,156.36 1 4
github.com/bpross/mealz/dao/postgres/recipes.go:157.17,158.37 1 0
github.com/bpross/mealz/dao/postgres/recipes.go:159.15,160.35 1 0
github.com/bpross/mealz/dao/postgres/recipes.go:161.13,162.33 1 0
github.com/bpross/mealz/dao/postgres/recipes.go:163.15,164.35 1 0
github.com/bpross/mealz/dao/postgres/recipes.go:165.12,166.32 1 0
github.com/bpross/mealz/dao/postgres/recipes.go:167.13,168.33 1 0
github.com/bpross/mealz/dao/postgres/recipes.go:169.16,170.36 1 0
github.com/bpross/mealz/dao/postgres/recipes.go:171.16,172.36 1 0
github.com/bpross/mealz/dao/postgres/recipes.go:173.10,174.45 1 0
github.com/bpross/mealz/dao/postgres/season.go:26.58,31.2 1 19
github.com/bpross/mealz/dao/postgres/season.go:40.104,41.23 1 5
github.com/bpross/mealz/dao/postgres/season.go:45.2,51.33 4 4
github.com/bpross/mealz/dao/postgres/season.go:65.2,65.12 1 1
github.com/bpross/mealz/dao/postgres/season.go:41.23,43.3 1 1
github.com/bpross/mealz/dao/postgres/season.go:51.33,54.17 3 8
github.com/bpross/mealz/dao/postgres/season.go:54.17,56.28 2 3
github.com/bpross/mealz/dao/postgres/season.go:61.4,61.29 1 3
github.com/bpross/mealz/dao/postgres/season.go:56.28,58.5 1 1
github.com/bpross/mealz/dao/postgres/season.go:58.10,60.5 1 2
github.com/bpross/mealz/dao/postgres/season.go:69.72,76.16 5 6
github.com/bpross/mealz/dao/postgres/season.go:86.2,86.16 1 2
github.com/bpross/mealz/dao/postgres/season.go:76.16,78.27 2 4
github.com/bpross/mealz/dao/postgres/season.go:83.3,83.31 1 4
github.com/bpross/mealz/dao/postgres/season.go:78.27,80.4 1 2
github.com/bpross/mealz/dao/postgres/season.go:80.9,82.4 1 2
github.com/bpross/mealz/dao/postgres/season.go:90.113,96.16 5 8
github.com/bpross/mealz/dao/postgres/season.go:106.2,108.18 3 4
github.com/bpross/mealz/dao/postgres/season.go:122.2,122.21 1 4
github.com/bpross/mealz/dao/postgres/season.go:96.16,98.27 2 4
github.com/bpross/mealz/dao/postgres/season.go:103.3,103.33 1 4
github.com/bpross/mealz/dao/postgres/season.go:98.27,100.4 1 2
github.com/bpross/mealz/dao/postgres/season.go:100.9,102.4 1 2
github.com/bpross/mealz/dao/postgres/season.go:108.18,114.17 3 6
github.com/bpross/mealz/dao/postgres/season.go:119.3,119.50 1 6
github.com/bpross/mealz/dao/postgres/season.go:114.17,117.4 2 0
github.com/bpross/mealz/dao/postgres/season.go:125.47,126.11 1 6
github.com/bpross/mealz/dao/postgres/season.go:127.14,128.31 1 2
github.com/bpross/mealz/dao/postgres/season.go:129.14,130.31 1 2
github.com/bpross/mealz/dao/postgres/season.go:131.14,132.31 1 0
github.com/bpross/mealz/dao/postgres/season.go:133.12,134.29 1 2
github.com/bpross/mealz/dao/postgres/season.go:135.10,136.39 1 0
